<?xml version="1.0" encoding="UTF-8"?>
<!-- Generated by org.testng.reporters.JUnitReportReporter -->
<testsuite skipped="0" hostname="Hardik" name="com.xyzbank.cucumber.wk16.AppTest" tests="1" failures="0" timestamp="23 May 2023 22:11:21 GMT" time="0.032" errors="0">
  <testcase name="testApp" time="0.032" classname="com.xyzbank.cucumber.wk16.AppTest"/>
</testsuite> <!-- com.xyzbank.cucumber.wk16.AppTest -->
